<?xml version="1.0" encoding="UTF-8"?>
<!-- Generated by org.testng.reporters.JUnitXMLReporter -->
<testsuite ignored="0" hostname="DESKTOP-7AKMRUB" failures="0" tests="8" name="Default test" time="12.464" errors="0" timestamp="2023-06-26T17:07:44 IST">
  <testcase classname="api.test.DataDrivenTest" name="testPostUser" time="2.91"/>
  <testcase classname="api.test.DataDrivenTest" name="testPostUser" time="1.141"/>
  <testcase classname="api.test.DataDrivenTest" name="testPostUser" time="1.167"/>
  <testcase classname="api.test.DataDrivenTest" name="testPostUser" time="1.08"/>
  <testcase classname="api.test.DataDrivenTest" name="testDeleteUserByName" time="1.097"/>
  <testcase classname="api.test.DataDrivenTest" name="testDeleteUserByName" time="1.06"/>
  <testcase classname="api.test.DataDrivenTest" name="testDeleteUserByName" time="1.101"/>
  <testcase classname="api.test.DataDrivenTest" name="testDeleteUserByName" time="1.195"/>
</testsuite> <!-- Default test -->
