<?xml version="1.0" encoding="UTF-8"?>
<!-- Generated by org.testng.reporters.JUnitXMLReporter -->
<testsuite ignored="0" hostname="DESKTOP-7AKMRUB" failures="0" tests="16" name="Test" time="25.588" errors="0" timestamp="2023-06-28T12:59:26 IST">
  <testcase classname="api.test.DataDrivenTest" name="testPostUser" time="2.921"/>
  <testcase classname="api.test.DataDrivenTest" name="testPostUser" time="1.163"/>
  <testcase classname="api.test.DataDrivenTest" name="testPostUser" time="1.168"/>
  <testcase classname="api.test.DataDrivenTest" name="testPostUser" time="1.145"/>
  <testcase classname="api.test.DataDrivenTest" name="testDeleteUserByName" time="1.24"/>
  <testcase classname="api.test.DataDrivenTest" name="testDeleteUserByName" time="1.074"/>
  <testcase classname="api.test.DataDrivenTest" name="testDeleteUserByName" time="1.216"/>
  <testcase classname="api.test.DataDrivenTest" name="testDeleteUserByName" time="1.101"/>
  <testcase classname="api.test.UserTest" name="testPostUser" time="1.185"/>
  <testcase classname="api.test.UserTest" name="testGetUserByName" time="1.23"/>
  <testcase classname="api.test.UserTest" name="testUpdateUser" time="2.496"/>
  <testcase classname="api.test.UserTest" name="testDeleteUserByName" time="1.25"/>
  <testcase classname="api.test.UserTest_From_PropertiesFiles" name="testPostUser" time="1.261"/>
  <testcase classname="api.test.UserTest_From_PropertiesFiles" name="testGetUserByName" time="1.236"/>
  <testcase classname="api.test.UserTest_From_PropertiesFiles" name="testUpdateUser" time="2.178"/>
  <testcase classname="api.test.UserTest_From_PropertiesFiles" name="testDeleteUserByName" time="1.119"/>
</testsuite> <!-- Test -->
