<?xml version="1.0" encoding="UTF-8"?>
<!-- Generated by org.testng.reporters.JUnitXMLReporter -->
<testsuite ignored="0" hostname="DESKTOP-7AKMRUB" failures="0" tests="4" name="User Pet Test" time="9.815" errors="0" timestamp="2023-06-27T14:45:19 IST">
  <testcase classname="api.test.UserTest_From_PropertiesFiles" name="testPostUser" time="3.667"/>
  <testcase classname="api.test.UserTest_From_PropertiesFiles" name="testGetUserByName" time="1.208"/>
  <testcase classname="api.test.UserTest_From_PropertiesFiles" name="testUpdateUser" time="2.415"/>
  <testcase classname="api.test.UserTest_From_PropertiesFiles" name="testDeleteUserByName" time="1.029"/>
</testsuite> <!-- User Pet Test -->
