<?xml version="1.0" encoding="UTF-8"?>
<!-- Generated by org.testng.reporters.JUnitXMLReporter -->
<testsuite ignored="0" hostname="DESKTOP-7AKMRUB" failures="0" tests="16" name="Test" time="24.163" errors="0" timestamp="2023-06-29T09:54:19 IST">
  <testcase classname="api.test.DataDrivenTest" name="testPostUser" time="2.758"/>
  <testcase classname="api.test.DataDrivenTest" name="testPostUser" time="1.086"/>
  <testcase classname="api.test.DataDrivenTest" name="testPostUser" time="1.068"/>
  <testcase classname="api.test.DataDrivenTest" name="testPostUser" time="1.205"/>
  <testcase classname="api.test.DataDrivenTest" name="testDeleteUserByName" time="1.15"/>
  <testcase classname="api.test.DataDrivenTest" name="testDeleteUserByName" time="1.085"/>
  <testcase classname="api.test.DataDrivenTest" name="testDeleteUserByName" time="1.039"/>
  <testcase classname="api.test.DataDrivenTest" name="testDeleteUserByName" time="1.087"/>
  <testcase classname="api.test.UserTest" name="testPostUser" time="1.125"/>
  <testcase classname="api.test.UserTest" name="testGetUserByName" time="1.062"/>
  <testcase classname="api.test.UserTest" name="testUpdateUser" time="2.37"/>
  <testcase classname="api.test.UserTest" name="testDeleteUserByName" time="1.132"/>
  <testcase classname="api.test.UserTest_From_PropertiesFiles" name="testPostUser" time="1.157"/>
  <testcase classname="api.test.UserTest_From_PropertiesFiles" name="testGetUserByName" time="1.136"/>
  <testcase classname="api.test.UserTest_From_PropertiesFiles" name="testUpdateUser" time="2.193"/>
  <testcase classname="api.test.UserTest_From_PropertiesFiles" name="testDeleteUserByName" time="1.226"/>
</testsuite> <!-- Test -->
