<?xml version="1.0" encoding="UTF-8"?>
<!-- Generated by org.testng.reporters.JUnitXMLReporter -->
<testsuite ignored="0" hostname="DESKTOP-7AKMRUB" failures="0" tests="16" name="Test" time="26.03" errors="0" timestamp="2023-06-28T14:04:03 IST">
  <testcase classname="api.test.DataDrivenTest" name="testPostUser" time="3.336"/>
  <testcase classname="api.test.DataDrivenTest" name="testPostUser" time="1.174"/>
  <testcase classname="api.test.DataDrivenTest" name="testPostUser" time="1.216"/>
  <testcase classname="api.test.DataDrivenTest" name="testPostUser" time="1.097"/>
  <testcase classname="api.test.DataDrivenTest" name="testDeleteUserByName" time="1.138"/>
  <testcase classname="api.test.DataDrivenTest" name="testDeleteUserByName" time="1.084"/>
  <testcase classname="api.test.DataDrivenTest" name="testDeleteUserByName" time="1.209"/>
  <testcase classname="api.test.DataDrivenTest" name="testDeleteUserByName" time="1.127"/>
  <testcase classname="api.test.UserTest" name="testPostUser" time="1.097"/>
  <testcase classname="api.test.UserTest" name="testGetUserByName" time="1.22"/>
  <testcase classname="api.test.UserTest" name="testUpdateUser" time="2.236"/>
  <testcase classname="api.test.UserTest" name="testDeleteUserByName" time="1.045"/>
  <testcase classname="api.test.UserTest_From_PropertiesFiles" name="testPostUser" time="1.188"/>
  <testcase classname="api.test.UserTest_From_PropertiesFiles" name="testGetUserByName" time="1.141"/>
  <testcase classname="api.test.UserTest_From_PropertiesFiles" name="testUpdateUser" time="2.233"/>
  <testcase classname="api.test.UserTest_From_PropertiesFiles" name="testDeleteUserByName" time="1.21"/>
</testsuite> <!-- Test -->
