<?xml version="1.0" encoding="UTF-8"?>
<!-- Generated by org.testng.reporters.JUnitXMLReporter -->
<testsuite ignored="0" hostname="DESKTOP-7AKMRUB" failures="0" tests="16" name="USer API Test" time="24.501" errors="0" timestamp="2023-06-28T12:46:45 IST">
  <testcase classname="api.test.DataDrivenTest" name="testPostUser" time="2.774"/>
  <testcase classname="api.test.DataDrivenTest" name="testPostUser" time="1.143"/>
  <testcase classname="api.test.DataDrivenTest" name="testPostUser" time="1.211"/>
  <testcase classname="api.test.DataDrivenTest" name="testPostUser" time="1.127"/>
  <testcase classname="api.test.DataDrivenTest" name="testDeleteUserByName" time="1.224"/>
  <testcase classname="api.test.DataDrivenTest" name="testDeleteUserByName" time="1.052"/>
  <testcase classname="api.test.DataDrivenTest" name="testDeleteUserByName" time="1.11"/>
  <testcase classname="api.test.DataDrivenTest" name="testDeleteUserByName" time="1.039"/>
  <testcase classname="api.test.UserTest" name="testPostUser" time="1.311"/>
  <testcase classname="api.test.UserTest" name="testGetUserByName" time="1.209"/>
  <testcase classname="api.test.UserTest" name="testUpdateUser" time="2.396"/>
  <testcase classname="api.test.UserTest" name="testDeleteUserByName" time="1.041"/>
  <testcase classname="api.test.UserTest_From_PropertiesFiles" name="testPostUser" time="1.108"/>
  <testcase classname="api.test.UserTest_From_PropertiesFiles" name="testGetUserByName" time="1.062"/>
  <testcase classname="api.test.UserTest_From_PropertiesFiles" name="testUpdateUser" time="2.126"/>
  <testcase classname="api.test.UserTest_From_PropertiesFiles" name="testDeleteUserByName" time="1.039"/>
</testsuite> <!-- USer API Test -->
